0 info it worked if it ends with ok
1 verbose cli [ '/Users/alex/.nvm/versions/node/v4.3.1/bin/node',
1 verbose cli   '/Users/alex/.nvm/versions/node/v4.3.1/bin/npm',
1 verbose cli   'install',
1 verbose cli   '--save',
1 verbose cli   'keyMirror' ]
2 info using npm@2.14.12
3 info using node@v4.3.1
4 verbose install initial load of /Volumes/data/my_data/dev/github/react-calendar/package.json
5 warn package.json react-calendar@0.0.0 No description
6 warn package.json react-calendar@0.0.0 No repository field.
7 verbose installManyTop reading scoped package data from /Volumes/data/my_data/dev/github/react-calendar/node_modules/animate.css/package.json
8 verbose installManyTop reading scoped package data from /Volumes/data/my_data/dev/github/react-calendar/node_modules/awesome-bootstrap-checkbox/package.json
9 verbose installManyTop reading scoped package data from /Volumes/data/my_data/dev/github/react-calendar/node_modules/babel-core/package.json
10 verbose installManyTop reading scoped package data from /Volumes/data/my_data/dev/github/react-calendar/node_modules/babel-loader/package.json
11 verbose installManyTop reading scoped package data from /Volumes/data/my_data/dev/github/react-calendar/node_modules/babel-plugin-add-module-exports/package.json
12 verbose installManyTop reading scoped package data from /Volumes/data/my_data/dev/github/react-calendar/node_modules/babel-plugin-react-html-attrs/package.json
13 verbose installManyTop reading scoped package data from /Volumes/data/my_data/dev/github/react-calendar/node_modules/babel-plugin-transform-class-properties/package.json
14 verbose installManyTop reading scoped package data from /Volumes/data/my_data/dev/github/react-calendar/node_modules/babel-plugin-transform-decorators-legacy/package.json
15 verbose installManyTop reading scoped package data from /Volumes/data/my_data/dev/github/react-calendar/node_modules/babel-preset-es2015/package.json
16 verbose installManyTop reading scoped package data from /Volumes/data/my_data/dev/github/react-calendar/node_modules/babel-preset-react/package.json
17 verbose installManyTop reading scoped package data from /Volumes/data/my_data/dev/github/react-calendar/node_modules/babel-preset-stage-0/package.json
18 verbose installManyTop reading scoped package data from /Volumes/data/my_data/dev/github/react-calendar/node_modules/bootstrap/package.json
19 verbose installManyTop reading scoped package data from /Volumes/data/my_data/dev/github/react-calendar/node_modules/bootstrap-webpack/package.json
20 verbose installManyTop reading scoped package data from /Volumes/data/my_data/dev/github/react-calendar/node_modules/classnames/package.json
21 verbose installManyTop reading scoped package data from /Volumes/data/my_data/dev/github/react-calendar/node_modules/css-loader/package.json
22 verbose installManyTop reading scoped package data from /Volumes/data/my_data/dev/github/react-calendar/node_modules/exports-loader/package.json
23 verbose installManyTop reading scoped package data from /Volumes/data/my_data/dev/github/react-calendar/node_modules/extract-text-webpack-plugin/package.json
24 verbose installManyTop reading scoped package data from /Volumes/data/my_data/dev/github/react-calendar/node_modules/file-loader/package.json
25 verbose installManyTop reading scoped package data from /Volumes/data/my_data/dev/github/react-calendar/node_modules/flux/package.json
26 verbose installManyTop reading scoped package data from /Volumes/data/my_data/dev/github/react-calendar/node_modules/font-awesome/package.json
27 verbose installManyTop reading scoped package data from /Volumes/data/my_data/dev/github/react-calendar/node_modules/history/package.json
28 verbose installManyTop reading scoped package data from /Volumes/data/my_data/dev/github/react-calendar/node_modules/imports-loader/package.json
29 verbose installManyTop reading scoped package data from /Volumes/data/my_data/dev/github/react-calendar/node_modules/jquery/package.json
30 verbose installManyTop reading scoped package data from /Volumes/data/my_data/dev/github/react-calendar/node_modules/less/package.json
31 verbose installManyTop reading scoped package data from /Volumes/data/my_data/dev/github/react-calendar/node_modules/less-loader/package.json
32 verbose installManyTop reading scoped package data from /Volumes/data/my_data/dev/github/react-calendar/node_modules/lodash/package.json
33 verbose installManyTop reading scoped package data from /Volumes/data/my_data/dev/github/react-calendar/node_modules/moment/package.json
34 verbose installManyTop reading scoped package data from /Volumes/data/my_data/dev/github/react-calendar/node_modules/node-sass/package.json
35 verbose installManyTop reading scoped package data from /Volumes/data/my_data/dev/github/react-calendar/node_modules/react/package.json
36 verbose installManyTop reading scoped package data from /Volumes/data/my_data/dev/github/react-calendar/node_modules/react-bootstrap/package.json
37 verbose installManyTop reading scoped package data from /Volumes/data/my_data/dev/github/react-calendar/node_modules/react-bootstrap-datetimepicker/package.json
38 verbose installManyTop reading scoped package data from /Volumes/data/my_data/dev/github/react-calendar/node_modules/react-dom/package.json
39 verbose installManyTop reading scoped package data from /Volumes/data/my_data/dev/github/react-calendar/node_modules/react-quill/package.json
40 verbose installManyTop reading scoped package data from /Volumes/data/my_data/dev/github/react-calendar/node_modules/react-router/package.json
41 verbose installManyTop reading scoped package data from /Volumes/data/my_data/dev/github/react-calendar/node_modules/react-toastr/package.json
42 verbose installManyTop reading scoped package data from /Volumes/data/my_data/dev/github/react-calendar/node_modules/sass-loader/package.json
43 verbose installManyTop reading scoped package data from /Volumes/data/my_data/dev/github/react-calendar/node_modules/style-loader/package.json
44 verbose installManyTop reading scoped package data from /Volumes/data/my_data/dev/github/react-calendar/node_modules/superagent/package.json
45 verbose installManyTop reading scoped package data from /Volumes/data/my_data/dev/github/react-calendar/node_modules/toastr/package.json
46 verbose installManyTop reading scoped package data from /Volumes/data/my_data/dev/github/react-calendar/node_modules/underscore/package.json
47 verbose installManyTop reading scoped package data from /Volumes/data/my_data/dev/github/react-calendar/node_modules/url-loader/package.json
48 verbose installManyTop reading scoped package data from /Volumes/data/my_data/dev/github/react-calendar/node_modules/webpack/package.json
49 verbose installManyTop reading scoped package data from /Volumes/data/my_data/dev/github/react-calendar/node_modules/webpack-dev-server/package.json
50 info package.json bootstrap-webpack@0.0.5 No license field.
51 info package.json exports-loader@0.6.3 No license field.
52 info package.json less-loader@2.2.3 No license field.
53 info package.json toastr@2.1.2 No license field.
54 verbose readDependencies loading dependencies from /Volumes/data/my_data/dev/github/react-calendar/package.json
55 silly cache add args [ 'keyMirror', null ]
56 verbose cache add spec keyMirror
57 silly cache add parsed spec Result {
57 silly cache add   raw: 'keyMirror',
57 silly cache add   scope: null,
57 silly cache add   name: 'keyMirror',
57 silly cache add   rawSpec: '',
57 silly cache add   spec: 'latest',
57 silly cache add   type: 'tag' }
58 silly addNamed keyMirror@latest
59 verbose addNamed "latest" is being treated as a dist-tag for keyMirror
60 info addNameTag [ 'keyMirror', 'latest' ]
61 silly mapToRegistry name keyMirror
62 silly mapToRegistry using default registry
63 silly mapToRegistry registry https://registry.npmjs.org/
64 silly mapToRegistry uri https://registry.npmjs.org/keyMirror
65 verbose addNameTag registry:https://registry.npmjs.org/keyMirror not in flight; fetching
66 verbose request uri https://registry.npmjs.org/keyMirror
67 verbose request no auth needed
68 info attempt registry request try #1 at 11:01:39 PM
69 verbose request id d76c44b5c4df1d67
70 http request GET https://registry.npmjs.org/keyMirror
71 http 404 https://registry.npmjs.org/keyMirror
72 verbose headers { 'content-type': 'application/json',
72 verbose headers   'cache-control': 'max-age=0',
72 verbose headers   'content-length': '2',
72 verbose headers   'accept-ranges': 'bytes',
72 verbose headers   date: 'Wed, 20 Apr 2016 03:01:40 GMT',
72 verbose headers   via: '1.1 varnish',
72 verbose headers   age: '0',
72 verbose headers   connection: 'keep-alive',
72 verbose headers   'x-served-by': 'cache-iad2128-IAD',
72 verbose headers   'x-cache': 'MISS',
72 verbose headers   'x-cache-hits': '0',
72 verbose headers   'x-timer': 'S1461121299.977503,VS0,VE102',
72 verbose headers   vary: 'Accept-Encoding' }
73 silly get cb [ 404,
73 silly get   { 'content-type': 'application/json',
73 silly get     'cache-control': 'max-age=0',
73 silly get     'content-length': '2',
73 silly get     'accept-ranges': 'bytes',
73 silly get     date: 'Wed, 20 Apr 2016 03:01:40 GMT',
73 silly get     via: '1.1 varnish',
73 silly get     age: '0',
73 silly get     connection: 'keep-alive',
73 silly get     'x-served-by': 'cache-iad2128-IAD',
73 silly get     'x-cache': 'MISS',
73 silly get     'x-cache-hits': '0',
73 silly get     'x-timer': 'S1461121299.977503,VS0,VE102',
73 silly get     vary: 'Accept-Encoding' } ]
74 verbose stack Error: Registry returned 404 for GET on https://registry.npmjs.org/keyMirror
74 verbose stack     at makeError (/Users/alex/.nvm/versions/node/v4.3.1/lib/node_modules/npm/node_modules/npm-registry-client/lib/request.js:264:12)
74 verbose stack     at CachingRegistryClient.<anonymous> (/Users/alex/.nvm/versions/node/v4.3.1/lib/node_modules/npm/node_modules/npm-registry-client/lib/request.js:242:14)
74 verbose stack     at Request._callback (/Users/alex/.nvm/versions/node/v4.3.1/lib/node_modules/npm/node_modules/npm-registry-client/lib/request.js:172:14)
74 verbose stack     at Request.self.callback (/Users/alex/.nvm/versions/node/v4.3.1/lib/node_modules/npm/node_modules/request/request.js:198:22)
74 verbose stack     at emitTwo (events.js:87:13)
74 verbose stack     at Request.emit (events.js:172:7)
74 verbose stack     at Request.<anonymous> (/Users/alex/.nvm/versions/node/v4.3.1/lib/node_modules/npm/node_modules/request/request.js:1082:10)
74 verbose stack     at emitOne (events.js:82:20)
74 verbose stack     at Request.emit (events.js:169:7)
74 verbose stack     at IncomingMessage.<anonymous> (/Users/alex/.nvm/versions/node/v4.3.1/lib/node_modules/npm/node_modules/request/request.js:1009:12)
75 verbose statusCode 404
76 verbose pkgid keyMirror
77 verbose cwd /Volumes/data/my_data/dev/github/react-calendar
78 error Darwin 14.5.0
79 error argv "/Users/alex/.nvm/versions/node/v4.3.1/bin/node" "/Users/alex/.nvm/versions/node/v4.3.1/bin/npm" "install" "--save" "keyMirror"
80 error node v4.3.1
81 error npm  v2.14.12
82 error code E404
83 error 404 Registry returned 404 for GET on https://registry.npmjs.org/keyMirror
83 error 404
83 error 404 'keyMirror' is not in the npm registry.
83 error 404 Your package name is not valid, because
83 error 404
83 error 404  1. name can no longer contain capital letters
83 error 404 It was specified as a dependency of 'react-calendar'
83 error 404
83 error 404 Note that you can also install from a
83 error 404 tarball, folder, http url, or git url.
84 verbose exit [ 1, true ]
